  main.c
C:\Users\syxoxoxoxo\Desktop\gameproject\sample\selfmadesample\main.c(10,1): warning C4005: 'HEIGHT': 매크로 재정의
C:\Users\syxoxoxoxo\Desktop\gameproject\sample\selfmadesample\console.h(2): message : 'HEIGHT'의 이전 정의를 참조하십시오.
C:\Users\syxoxoxoxo\Desktop\gameproject\sample\selfmadesample\main.c(156,21): warning C4244: '함수': 'time_t'에서 'unsigned int'(으)로 변환하면서 데이터가 손실될 수 있습니다.
C:\Users\syxoxoxoxo\Desktop\gameproject\sample\selfmadesample\main.c(443,36): warning C4047: '=': 'char'의 간접 참조 수준이 'void *'과(와) 다릅니다.
C:\Users\syxoxoxoxo\Desktop\gameproject\sample\selfmadesample\main.c(482,36): warning C4047: '=': 'char'의 간접 참조 수준이 'void *'과(와) 다릅니다.
C:\Users\syxoxoxoxo\Desktop\gameproject\sample\selfmadesample\main.c(479,1): warning C4996: 'strcpy': This function or variable may be unsafe. Consider using strcpy_s instead. To disable deprecation, use _CRT_SECURE_NO_WARNINGS. See online help for details.
C:\Program Files (x86)\Windows Kits\10\Include\10.0.18362.0\ucrt\string.h(133): message : 'strcpy' 선언을 참조하십시오.
C:\Users\syxoxoxoxo\Desktop\gameproject\sample\selfmadesample\main.c(480,1): warning C4996: 'strcpy': This function or variable may be unsafe. Consider using strcpy_s instead. To disable deprecation, use _CRT_SECURE_NO_WARNINGS. See online help for details.
C:\Program Files (x86)\Windows Kits\10\Include\10.0.18362.0\ucrt\string.h(133): message : 'strcpy' 선언을 참조하십시오.
C:\Users\syxoxoxoxo\Desktop\gameproject\sample\selfmadesample\main.c(481,1): warning C4996: 'strcpy': This function or variable may be unsafe. Consider using strcpy_s instead. To disable deprecation, use _CRT_SECURE_NO_WARNINGS. See online help for details.
C:\Program Files (x86)\Windows Kits\10\Include\10.0.18362.0\ucrt\string.h(133): message : 'strcpy' 선언을 참조하십시오.
C:\Users\syxoxoxoxo\Desktop\gameproject\sample\selfmadesample\main.c(500,35): warning C4047: '=': 'char'의 간접 참조 수준이 'void *'과(와) 다릅니다.
C:\Users\syxoxoxoxo\Desktop\gameproject\sample\selfmadesample\main.c(497,1): warning C4996: 'strcpy': This function or variable may be unsafe. Consider using strcpy_s instead. To disable deprecation, use _CRT_SECURE_NO_WARNINGS. See online help for details.
C:\Program Files (x86)\Windows Kits\10\Include\10.0.18362.0\ucrt\string.h(133): message : 'strcpy' 선언을 참조하십시오.
C:\Users\syxoxoxoxo\Desktop\gameproject\sample\selfmadesample\main.c(498,1): warning C4996: 'strcpy': This function or variable may be unsafe. Consider using strcpy_s instead. To disable deprecation, use _CRT_SECURE_NO_WARNINGS. See online help for details.
C:\Program Files (x86)\Windows Kits\10\Include\10.0.18362.0\ucrt\string.h(133): message : 'strcpy' 선언을 참조하십시오.
C:\Users\syxoxoxoxo\Desktop\gameproject\sample\selfmadesample\main.c(499,1): warning C4996: 'strcpy': This function or variable may be unsafe. Consider using strcpy_s instead. To disable deprecation, use _CRT_SECURE_NO_WARNINGS. See online help for details.
C:\Program Files (x86)\Windows Kits\10\Include\10.0.18362.0\ucrt\string.h(133): message : 'strcpy' 선언을 참조하십시오.
C:\Users\syxoxoxoxo\Desktop\gameproject\sample\selfmadesample\main.c(236): warning C4715: 'cursorSelect': 모든 제어 경로에서 값을 반환하지는 않습니다.
  selfmadesample.vcxproj -> C:\Users\syxoxoxoxo\Desktop\gameproject\sample\Debug\selfmadesample.exe
